<?xml version="1.0" encoding="UTF-8"?>
<!-- Generated by org.testng.reporters.JUnitReportReporter -->
<testsuite hostname="DESKTOP-O0U48S3" failures="0" tests="3" name="Practice.Dataproviderexcel" time="0.012" errors="0" timestamp="2023-04-17T20:03:11 IST" skipped="0">
  <testcase classname="Practice.Dataproviderexcel" name="booktickets" time="0.002"/>
  <system-out/>
  <testcase classname="Practice.Dataproviderexcel" name="booktickets" time="0.002"/>
  <system-out/>
  <testcase classname="Practice.Dataproviderexcel" name="booktickets" time="0.008"/>
  <system-out/>
</testsuite> <!-- Practice.Dataproviderexcel -->
