<?xml version="1.0" encoding="UTF-8"?>
<!-- Generated by org.testng.reporters.JUnitReportReporter -->
<testsuite hostname="DESKTOP-O0U48S3" failures="0" tests="1" name="products.Deleteproducttest" time="181.802" errors="0" timestamp="2023-04-11T20:14:46 IST" skipped="0">
  <testcase classname="products.Deleteproducttest" name="deleteproduct" time="181.802"/>
  <system-out/>
</testsuite> <!-- products.Deleteproducttest -->
