<?xml version="1.0" encoding="UTF-8"?>
<!-- Generated by org.testng.reporters.JUnitReportReporter -->
<testsuite hostname="DESKTOP-O0U48S3" failures="0" tests="1" name="organization.CreateOrganizationtest" time="80.743" errors="0" timestamp="2023-04-19T19:52:22 IST" skipped="0">
  <testcase classname="organization.CreateOrganizationtest" name="createOrganization" time="80.743"/>
  <system-out/>
</testsuite> <!-- organization.CreateOrganizationtest -->
