<?xml version="1.0" encoding="UTF-8"?>
<!-- Generated by org.testng.reporters.JUnitReportReporter -->
<testsuite hostname="DESKTOP-O0U48S3" failures="0" tests="3" name="Practice.Dataproviderexample" time="0.011" errors="0" timestamp="2023-04-12T20:22:51 IST" skipped="0">
  <testcase classname="Practice.Dataproviderexample" name="booktickets" time="0.010"/>
  <system-out/>
  <testcase classname="Practice.Dataproviderexample" name="booktickets" time="0.000"/>
  <system-out/>
  <testcase classname="Practice.Dataproviderexample" name="booktickets" time="0.001"/>
  <system-out/>
</testsuite> <!-- Practice.Dataproviderexample -->
