<?xml version="1.0" encoding="UTF-8"?>
<!-- Generated by org.testng.reporters.JUnitReportReporter -->
<testsuite hostname="DESKTOP-O0U48S3" failures="0" tests="1" name="campaigns.Createcampaignwithproducttest" time="78.928" errors="0" timestamp="2023-04-11T20:09:33 IST" skipped="0">
  <testcase classname="campaigns.Createcampaignwithproducttest" name="createcampaignwithproducttest" time="78.928"/>
  <system-out/>
</testsuite> <!-- campaigns.Createcampaignwithproducttest -->
