<?xml version="1.0" encoding="UTF-8"?>
<!-- Generated by org.testng.reporters.JUnitReportReporter -->
<testsuite hostname="DESKTOP-O0U48S3" failures="0" tests="1" name="Practice.Writeonexcel" time="9.024" errors="0" timestamp="2023-04-17T12:40:25 IST" skipped="0">
  <testcase classname="Practice.Writeonexcel" name="writeonexceltest" time="9.024"/>
  <system-out/>
</testsuite> <!-- Practice.Writeonexcel -->
